# JRE version: OpenJDK Runtime Environment (11.0.13) (build 11.0.13+0-b1751.21-8125866)
# Java VM: OpenJDK 64-Bit Server VM (11.0.13+0-b1751.21-8125866, mixed mode, tiered, compressed oops, g1 gc, windows-amd64)
Heap:
 garbage-first heap   total 533504K, used 329232K [0x0000000700000000, 0x0000000800000000)
  region size 1024K, 149 young (152576K), 2 survivors (2048K)
 Metaspace       used 126085K, capacity 130758K, committed 131208K, reserved 1163264K
  class space    used 15706K, capacity 17342K, committed 17440K, reserved 1048576K
GC Heap History (20 events):
Event: 6446.600 GC heap before
{Heap before GC invocations=58 (full 0):
 garbage-first heap   total 376832K, used 337645K [0x0000000700000000, 0x0000000800000000)
  region size 1024K, 18 young (18432K), 2 survivors (2048K)
 Metaspace       used 125486K, capacity 130275K, committed 130440K, reserved 1163264K
  class space    used 15701K, capacity 17353K, committed 17440K, reserved 1048576K
}
Event: 6446.606 GC heap after
{Heap after GC invocations=59 (full 0):
 garbage-first heap   total 376832K, used 175333K [0x0000000700000000, 0x0000000800000000)
  region size 1024K, 1 young (1024K), 1 survivors (1024K)
 Metaspace       used 125486K, capacity 130275K, committed 130440K, reserved 1163264K
  class space    used 15701K, capacity 17353K, committed 17440K, reserved 1048576K
}
Event: 10832.923 GC heap before
{Heap before GC invocations=59 (full 0):
 garbage-first heap   total 376832K, used 277733K [0x0000000700000000, 0x0000000800000000)
  region size 1024K, 101 young (103424K), 1 survivors (1024K)
 Metaspace       used 125497K, capacity 130281K, committed 130440K, reserved 1163264K
  class space    used 15701K, capacity 17354K, committed 17440K, reserved 1048576K
}
Event: 10832.926 GC heap after
{Heap after GC invocations=60 (full 0):
 garbage-first heap   total 376832K, used 174950K [0x0000000700000000, 0x0000000800000000)
  region size 1024K, 1 young (1024K), 1 survivors (1024K)
 Metaspace       used 125497K, capacity 130281K, committed 130440K, reserved 1163264K
  class space    used 15701K, capacity 17354K, committed 17440K, reserved 1048576K
}
Event: 16522.926 GC heap before
{Heap before GC invocations=61 (full 0):
 garbage-first heap   total 376832K, used 283494K [0x0000000700000000, 0x0000000800000000)
  region size 1024K, 107 young (109568K), 1 survivors (1024K)
 Metaspace       used 125003K, capacity 129501K, committed 130440K, reserved 1163264K
  class space    used 15587K, capacity 17149K, committed 17440K, reserved 1048576K
}
Event: 16522.928 GC heap after
{Heap after GC invocations=62 (full 0):
 garbage-first heap   total 376832K, used 174707K [0x0000000700000000, 0x0000000800000000)
  region size 1024K, 1 young (1024K), 1 survivors (1024K)
 Metaspace       used 125003K, capacity 129501K, committed 130440K, reserved 1163264K
  class space    used 15587K, capacity 17149K, committed 17440K, reserved 1048576K
}
Event: 16529.318 GC heap before
{Heap before GC invocations=62 (full 0):
 garbage-first heap   total 376832K, used 192115K [0x0000000700000000, 0x0000000800000000)
  region size 1024K, 18 young (18432K), 1 survivors (1024K)
 Metaspace       used 125127K, capacity 129646K, committed 130440K, reserved 1163264K
  class space    used 15615K, capacity 17202K, committed 17440K, reserved 1048576K
}
Event: 16529.333 GC heap after
{Heap after GC invocations=63 (full 0):
 garbage-first heap   total 376832K, used 163897K [0x0000000700000000, 0x0000000800000000)
  region size 1024K, 2 young (2048K), 2 survivors (2048K)
 Metaspace       used 125127K, capacity 129646K, committed 130440K, reserved 1163264K
  class space    used 15615K, capacity 17202K, committed 17440K, reserved 1048576K
}
Event: 16529.972 GC heap before
{Heap before GC invocations=63 (full 0):
 garbage-first heap   total 376832K, used 283705K [0x0000000700000000, 0x0000000800000000)
  region size 1024K, 119 young (121856K), 2 survivors (2048K)
 Metaspace       used 125385K, capacity 129922K, committed 130696K, reserved 1163264K
  class space    used 15642K, capacity 17242K, committed 17440K, reserved 1048576K
}
Event: 16530.034 GC heap after
{Heap after GC invocations=64 (full 0):
 garbage-first heap   total 376832K, used 181007K [0x0000000700000000, 0x0000000800000000)
  region size 1024K, 15 young (15360K), 15 survivors (15360K)
 Metaspace       used 125385K, capacity 129922K, committed 130696K, reserved 1163264K
  class space    used 15642K, capacity 17242K, committed 17440K, reserved 1048576K
}
Event: 16544.648 GC heap before
{Heap before GC invocations=65 (full 0):
 garbage-first heap   total 376832K, used 291599K [0x0000000700000000, 0x0000000800000000)
  region size 1024K, 124 young (126976K), 15 survivors (15360K)
 Metaspace       used 125558K, capacity 130200K, committed 130696K, reserved 1163264K
  class space    used 15655K, capacity 17264K, committed 17440K, reserved 1048576K
}
Event: 16544.674 GC heap after
{Heap after GC invocations=66 (full 0):
 garbage-first heap   total 376832K, used 199535K [0x0000000700000000, 0x0000000800000000)
  region size 1024K, 16 young (16384K), 16 survivors (16384K)
 Metaspace       used 125558K, capacity 130200K, committed 130696K, reserved 1163264K
  class space    used 15655K, capacity 17264K, committed 17440K, reserved 1048576K
}
Event: 16544.679 GC heap before
{Heap before GC invocations=66 (full 0):
 garbage-first heap   total 376832K, used 201583K [0x0000000700000000, 0x0000000800000000)
  region size 1024K, 18 young (18432K), 16 survivors (16384K)
 Metaspace       used 125558K, capacity 130200K, committed 130696K, reserved 1163264K
  class space    used 15655K, capacity 17264K, committed 17440K, reserved 1048576K
}
Event: 16544.697 GC heap after
{Heap after GC invocations=67 (full 0):
 garbage-first heap   total 376832K, used 203155K [0x0000000700000000, 0x0000000800000000)
  region size 1024K, 3 young (3072K), 3 survivors (3072K)
 Metaspace       used 125558K, capacity 130200K, committed 130696K, reserved 1163264K
  class space    used 15655K, capacity 17264K, committed 17440K, reserved 1048576K
}
Event: 16545.591 GC heap before
{Heap before GC invocations=67 (full 0):
 garbage-first heap   total 376832K, used 269715K [0x0000000700000000, 0x0000000800000000)
  region size 1024K, 70 young (71680K), 3 survivors (3072K)
 Metaspace       used 125808K, capacity 130515K, committed 130952K, reserved 1163264K
  class space    used 15670K, capacity 17290K, committed 17440K, reserved 1048576K
}
Event: 16545.604 GC heap after
{Heap after GC invocations=68 (full 0):
 garbage-first heap   total 376832K, used 209309K [0x0000000700000000, 0x0000000800000000)
  region size 1024K, 9 young (9216K), 9 survivors (9216K)
 Metaspace       used 125808K, capacity 130515K, committed 130952K, reserved 1163264K
  class space    used 15670K, capacity 17290K, committed 17440K, reserved 1048576K
}
Event: 16547.431 GC heap before
{Heap before GC invocations=69 (full 0):
 garbage-first heap   total 518144K, used 516509K [0x0000000700000000, 0x0000000800000000)
  region size 1024K, 93 young (95232K), 9 survivors (9216K)
 Metaspace       used 125881K, capacity 130556K, committed 130952K, reserved 1163264K
  class space    used 15675K, capacity 17297K, committed 17440K, reserved 1048576K
}
Event: 16547.443 GC heap after
{Heap after GC invocations=70 (full 0):
 garbage-first heap   total 533504K, used 196434K [0x0000000700000000, 0x0000000800000000)
  region size 1024K, 6 young (6144K), 6 survivors (6144K)
 Metaspace       used 125881K, capacity 130556K, committed 130952K, reserved 1163264K
  class space    used 15675K, capacity 17297K, committed 17440K, reserved 1048576K
}
Event: 16547.789 GC heap before
{Heap before GC invocations=70 (full 0):
 garbage-first heap   total 533504K, used 215890K [0x0000000700000000, 0x0000000800000000)
  region size 1024K, 26 young (26624K), 6 survivors (6144K)
 Metaspace       used 126037K, capacity 130733K, committed 131208K, reserved 1163264K
  class space    used 15701K, capacity 17336K, committed 17440K, reserved 1048576K
}
Event: 16547.798 GC heap after
{Heap after GC invocations=71 (full 0):
 garbage-first heap   total 533504K, used 179728K [0x0000000700000000, 0x0000000800000000)
  region size 1024K, 2 young (2048K), 2 survivors (2048K)
 Metaspace       used 126037K, capacity 130733K, committed 131208K, reserved 1163264K
  class space    used 15701K, capacity 17336K, committed 17440K, reserved 1048576K
}

